<?xml version="1.0" encoding="UTF-8"?>
<!-- Generated by org.testng.reporters.JUnitReportReporter -->
<testsuite hostname="DESKTOP-TBIUCN6" failures="0" tests="2" name="base.FirstProject" time="0.106" errors="0" timestamp="2023-12-03T18:35:40 IST" skipped="0">
  <testcase classname="base.FirstProject" name="getTitle" time="0.016"/>
  <testcase classname="base.FirstProject" name="getCurrentUrl" time="0.090"/>
</testsuite> <!-- base.FirstProject -->
