<?xml version="1.0" encoding="UTF-8"?>
<!-- Generated by org.testng.reporters.JUnitReportReporter -->
<testsuite hostname="DESKTOP-TBIUCN6" failures="0" tests="3" name="base.FirstProject" time="0.135" errors="0" timestamp="2023-12-03T18:51:39 IST" skipped="0">
  <testcase classname="base.FirstProject" name="getTitle" time="0.020"/>
  <testcase classname="base.FirstProject" name="getCurrentUrl" time="0.011"/>
  <testcase classname="base.FirstProject" name="getPageSource" time="0.104"/>
</testsuite> <!-- base.FirstProject -->
