<?xml version="1.0" encoding="UTF-8"?>
<!-- Generated by org.testng.reporters.JUnitReportReporter -->
<testsuite hostname="DESKTOP-TBIUCN6" failures="0" tests="1" name="base.FirstProject" time="0.098" errors="0" timestamp="2023-12-03T17:58:09 IST" skipped="0">
  <testcase classname="base.FirstProject" name="getTitle" time="0.098"/>
</testsuite> <!-- base.FirstProject -->
